#
# A fatal error has been detected by the Java Runtime Environment:
#
#  EXCEPTION_ACCESS_VIOLATION (0xc0000005) at pc=0x0000000067ff8d85, pid=16152, tid=8728
#
# JRE version: Java(TM) SE Runtime Environment (8.0_77-b03) (build 1.8.0_77-b03)
# Java VM: Java HotSpot(TM) 64-Bit Server VM (25.77-b03 mixed mode windows-amd64 compressed oops)
# Problematic frame:
# V  [jvm.dll+0x128d85]
#
# Failed to write core dump. Minidumps are not enabled by default on client versions of Windows
#
# If you would like to submit a bug report, please visit:
#   http://bugreport.java.com/bugreport/crash.jsp
#

---------------  T H R E A D  ---------------

Current thread (0x0000000017d97000):  JavaThread "JDWP Transport Listener: dt_socket" daemon [_thread_in_vm, id=8728, stack(0x0000000019400000,0x0000000019500000)]

siginfo: ExceptionCode=0xc0000005, reading address 0x0000000000000024

Registers:
RAX=0x00000000194ff701, RBX=0x0000000017d97000, RCX=0x0000000000000024, RDX=0x0000000000000000
RSP=0x00000000194ff6d0, RBP=0x0000000000000024, RSI=0x00000000194ff7e8, RDI=0x000000000149a930
R8 =0x0000000017d97000, R9 =0x0000000000000000, R10=0x0000000000000000, R11=0x0000000000000064
R12=0x0000000000000000, R13=0x0000000017da2ab8, R14=0x0000000000000000, R15=0x0000000000000000
RIP=0x0000000067ff8d85, EFLAGS=0x0000000000010206

Top of Stack: (sp=0x00000000194ff6d0)
0x00000000194ff6d0:   0000000017d97000 000000001a2f6090
0x00000000194ff6e0:   00000000194ff798 00000000681fe33b
0x00000000194ff6f0:   0000000017d97000 000000006821ab9d
0x00000000194ff700:   0000000000000000 0000000068849155
0x00000000194ff710:   00000000199543d8 000000006885291e
0x00000000194ff720:   0000000017d97000 0000000000000000
0x00000000194ff730:   0000000000000000 0000000000000000
0x00000000194ff740:   0000000000000024 0000000068851a15
0x00000000194ff750:   00000000194ff7e8 00000000194ff7c0
0x00000000194ff760:   0000000000000001 00000000199543d8
0x00000000194ff770:   0000000000000024 00000000688353b3
0x00000000194ff780:   00000000194ff8b0 0000000000000001
0x00000000194ff790:   0000000000000001 00000000199543d8
0x00000000194ff7a0:   0000000000000001 0000000000000000
0x00000000194ff7b0:   0000000000000000 0000000000000000
0x00000000194ff7c0:   0000000000000001 0000000068835571 

Instructions: (pc=0x0000000067ff8d85)
0x0000000067ff8d65:   cc cc cc cc cc cc cc cc cc cc cc 48 83 ec 28 48
0x0000000067ff8d75:   85 c9 75 07 33 c0 48 83 c4 28 c3 48 89 5c 24 20
0x0000000067ff8d85:   48 8b 19 48 85 db 74 20 48 83 fb 37 74 1a 48 8b
0x0000000067ff8d95:   13 48 8b cb ff 52 10 84 c0 74 0d 48 8b c3 48 8b 


Register to memory mapping:

RAX=0x00000000194ff701 is pointing into the stack for thread: 0x0000000017d97000
RBX=0x0000000017d97000 is a thread
RCX=0x0000000000000024 is an unknown value
RDX=0x0000000000000000 is an unknown value
RSP=0x00000000194ff6d0 is pointing into the stack for thread: 0x0000000017d97000
RBP=0x0000000000000024 is an unknown value
RSI=0x00000000194ff7e8 is pointing into the stack for thread: 0x0000000017d97000
RDI=0x000000000149a930 is an unknown value
R8 =0x0000000017d97000 is a thread
R9 =0x0000000000000000 is an unknown value
R10=0x0000000000000000 is an unknown value
R11=0x0000000000000064 is an unknown value
R12=0x0000000000000000 is an unknown value
R13=0x0000000017da2ab8 is an unknown value
R14=0x0000000000000000 is an unknown value
R15=0x0000000000000000 is an unknown value


Stack: [0x0000000019400000,0x0000000019500000],  sp=0x00000000194ff6d0,  free space=1021k
Native frames: (J=compiled Java code, j=interpreted, Vv=VM code, C=native code)
V  [jvm.dll+0x128d85]
V  [jvm.dll+0x34ab9d]
C  [jdwp.dll+0x21a15]
C  [jdwp.dll+0x53b3]
C  [jdwp.dll+0x5571]
C  [jdwp.dll+0xf0a8]
C  [jdwp.dll+0x1f2d5]
C  [jdwp.dll+0x1f4aa]
V  [jvm.dll+0x1bba58]
V  [jvm.dll+0x243434]
V  [jvm.dll+0x29a27a]
C  [msvcr100.dll+0x21d9f]
C  [msvcr100.dll+0x21e3b]
C  [KERNEL32.DLL+0x8364]
C  [ntdll.dll+0x65e91]


---------------  P R O C E S S  ---------------

Java Threads: ( => current thread )
  0x0000000017dee800 JavaThread "Service Thread" daemon [_thread_blocked, id=13812, stack(0x0000000019e00000,0x0000000019f00000)]
  0x0000000017dbf000 JavaThread "C1 CompilerThread2" daemon [_thread_blocked, id=12796, stack(0x0000000019d00000,0x0000000019e00000)]
  0x0000000017dbc000 JavaThread "C2 CompilerThread1" daemon [_thread_blocked, id=11808, stack(0x0000000019800000,0x0000000019900000)]
  0x0000000017dc3000 JavaThread "C2 CompilerThread0" daemon [_thread_blocked, id=13304, stack(0x0000000019700000,0x0000000019800000)]
  0x0000000017dab000 JavaThread "JDWP Command Reader" daemon [_thread_in_native, id=17388, stack(0x0000000019600000,0x0000000019700000)]
  0x0000000017da7800 JavaThread "JDWP Event Helper Thread" daemon [_thread_blocked, id=3956, stack(0x0000000019500000,0x0000000019600000)]
=>0x0000000017d97000 JavaThread "JDWP Transport Listener: dt_socket" daemon [_thread_in_vm, id=8728, stack(0x0000000019400000,0x0000000019500000)]
  0x0000000017d8e000 JavaThread "Attach Listener" daemon [_thread_blocked, id=10800, stack(0x0000000019300000,0x0000000019400000)]
  0x0000000017d8c800 JavaThread "Signal Dispatcher" daemon [_thread_blocked, id=9632, stack(0x0000000019200000,0x0000000019300000)]
  0x000000000324d000 JavaThread "Finalizer" daemon [_thread_blocked, id=17304, stack(0x0000000018ff0000,0x00000000190f0000)]
  0x0000000003242000 JavaThread "Reference Handler" daemon [_thread_blocked, id=3036, stack(0x0000000018ef0000,0x0000000018ff0000)]
  0x0000000003152800 JavaThread "main" [_thread_blocked, id=1940, stack(0x00000000018c0000,0x00000000019c0000)]

Other Threads:
  0x0000000017d57800 VMThread [stack: 0x0000000018df0000,0x0000000018ef0000] [id=1956]
  0x0000000019956800 WatcherThread [stack: 0x0000000019f00000,0x000000001a000000] [id=404]

VM state:not at safepoint (normal execution)

VM Mutex/Monitor currently owned by a thread: None

Heap:
 PSYoungGen      total 38400K, used 8051K [0x00000000d5e00000, 0x00000000d8880000, 0x0000000100000000)
  eden space 33280K, 24% used [0x00000000d5e00000,0x00000000d65dce68,0x00000000d7e80000)
  from space 5120K, 0% used [0x00000000d8380000,0x00000000d8380000,0x00000000d8880000)
  to   space 5120K, 0% used [0x00000000d7e80000,0x00000000d7e80000,0x00000000d8380000)
 ParOldGen       total 87552K, used 0K [0x0000000081a00000, 0x0000000086f80000, 0x00000000d5e00000)
  object space 87552K, 0% used [0x0000000081a00000,0x0000000081a00000,0x0000000086f80000)
 Metaspace       used 7897K, capacity 8078K, committed 8192K, reserved 1056768K
  class space    used 953K, capacity 983K, committed 1024K, reserved 1048576K

Card table byte_map: [0x0000000012610000,0x0000000012a10000] byte_map_base: 0x0000000012203000

Marking Bits: (ParMarkBitMap*) 0x00000000686e0600
 Begin Bits: [0x00000000130c0000, 0x0000000015058000)
 End Bits:   [0x0000000015058000, 0x0000000016ff0000)

Polling page: 0x00000000013f0000

CodeCache: size=245760Kb used=2151Kb max_used=2151Kb free=243608Kb
 bounds [0x0000000003250000, 0x00000000034c0000, 0x0000000012250000]
 total_blobs=683 nmethods=409 adapters=195
 compilation: enabled

Compilation events (10 events):
Event: 0.760 Thread 0x0000000017dbf000  405       3       java.lang.ThreadLocal$ThreadLocalMap::set (136 bytes)
Event: 0.761 Thread 0x0000000017dbf000 nmethod 405 0x00000000034685d0 code [0x00000000034687e0, 0x0000000003469308]
Event: 0.761 Thread 0x0000000017dbf000  407       3       java.util.logging.Logger::isLoggable (25 bytes)
Event: 0.761 Thread 0x0000000017dbf000 nmethod 407 0x0000000003469950 code [0x0000000003469ac0, 0x0000000003469d50]
Event: 0.761 Thread 0x0000000017dbf000  409       3       com.sun.org.apache.xerces.internal.impl.XMLEntityScanner::skipChar (235 bytes)
Event: 0.762 Thread 0x0000000017dbf000 nmethod 409 0x0000000003469e10 code [0x0000000003469fc0, 0x000000000346a608]
Event: 0.762 Thread 0x0000000017dbf000  408       3       com.sun.org.apache.xerces.internal.util.XMLChar::isNameStart (22 bytes)
Event: 0.762 Thread 0x0000000017dbf000 nmethod 408 0x000000000346a8d0 code [0x000000000346aa40, 0x000000000346ac50]
Event: 0.762 Thread 0x0000000017dbf000  406       1       com.sun.xml.internal.bind.v2.runtime.unmarshaller.UnmarshallerImpl::getListener (5 bytes)
Event: 0.762 Thread 0x0000000017dbf000 nmethod 406 0x000000000346ad10 code [0x000000000346ae60, 0x000000000346af70]

GC Heap History (0 events):
No events

Deoptimization events (1 events):
Event: 0.525 Thread 0x0000000003152800 Uncommon trap: reason=unstable_if action=reinterpret pc=0x00000000033cfed4 method=java.lang.String.indexOf([CII[CIII)I @ 3

Internal exceptions (10 events):
Event: 0.585 Thread 0x0000000003152800 Exception <a 'java/lang/ArrayIndexOutOfBoundsException'> (0x00000000d64085f0) thrown at [D:\re\workspace\8-2-build-windows-amd64-cygwin\jdk8u77\6540\hotspot\src\share\vm\runtime\sharedRuntime.cpp, line 605]
Event: 0.585 Thread 0x0000000003152800 Exception <a 'java/lang/ArrayIndexOutOfBoundsException'> (0x00000000d64095d0) thrown at [D:\re\workspace\8-2-build-windows-amd64-cygwin\jdk8u77\6540\hotspot\src\share\vm\runtime\sharedRuntime.cpp, line 605]
Event: 0.587 Thread 0x0000000003152800 Exception <a 'java/lang/ArrayIndexOutOfBoundsException'> (0x00000000d640de58) thrown at [D:\re\workspace\8-2-build-windows-amd64-cygwin\jdk8u77\6540\hotspot\src\share\vm\runtime\sharedRuntime.cpp, line 605]
Event: 0.588 Thread 0x0000000003152800 Exception <a 'java/lang/ArrayIndexOutOfBoundsException'> (0x00000000d640f0b8) thrown at [D:\re\workspace\8-2-build-windows-amd64-cygwin\jdk8u77\6540\hotspot\src\share\vm\runtime\sharedRuntime.cpp, line 605]
Event: 0.590 Thread 0x0000000003152800 Exception <a 'java/lang/ArrayIndexOutOfBoundsException'> (0x00000000d6410378) thrown at [D:\re\workspace\8-2-build-windows-amd64-cygwin\jdk8u77\6540\hotspot\src\share\vm\runtime\sharedRuntime.cpp, line 605]
Event: 0.625 Thread 0x0000000003152800 Exception <a 'java/lang/ArrayIndexOutOfBoundsException'> (0x00000000d6451128) thrown at [D:\re\workspace\8-2-build-windows-amd64-cygwin\jdk8u77\6540\hotspot\src\share\vm\runtime\sharedRuntime.cpp, line 605]
Event: 0.630 Thread 0x0000000003152800 Exception <a 'java/lang/ArrayIndexOutOfBoundsException'> (0x00000000d6457348) thrown at [D:\re\workspace\8-2-build-windows-amd64-cygwin\jdk8u77\6540\hotspot\src\share\vm\runtime\sharedRuntime.cpp, line 605]
Event: 0.632 Thread 0x0000000003152800 Exception <a 'java/lang/ArrayIndexOutOfBoundsException'> (0x00000000d645bb08) thrown at [D:\re\workspace\8-2-build-windows-amd64-cygwin\jdk8u77\6540\hotspot\src\share\vm\runtime\sharedRuntime.cpp, line 605]
Event: 0.639 Thread 0x0000000003152800 Exception <a 'java/lang/ArrayIndexOutOfBoundsException'> (0x00000000d6475880) thrown at [D:\re\workspace\8-2-build-windows-amd64-cygwin\jdk8u77\6540\hotspot\src\share\vm\runtime\sharedRuntime.cpp, line 605]
Event: 0.639 Thread 0x0000000003152800 Exception <a 'java/lang/ArrayIndexOutOfBoundsException'> (0x00000000d64767d0) thrown at [D:\re\workspace\8-2-build-windows-amd64-cygwin\jdk8u77\6540\hotspot\src\share\vm\runtime\sharedRuntime.cpp, line 605]

Events (10 events):
Event: 190.297 Executing VM operation: GetOrSetLocal
Event: 190.297 Executing VM operation: GetOrSetLocal done
Event: 448.848 Executing VM operation: ChangeBreakpoints
Event: 448.848 Executing VM operation: ChangeBreakpoints done
Event: 448.849 Executing VM operation: ChangeBreakpoints
Event: 448.849 Executing VM operation: ChangeBreakpoints done
Event: 448.853 Executing VM operation: RedefineClasses
Event: 448.856 Executing VM operation: RedefineClasses done
Event: 448.857 Executing VM operation: GetOrSetLocal
Event: 448.857 Executing VM operation: GetOrSetLocal done


Dynamic libraries:
0x00007ff699740000 - 0x00007ff699777000 	C:\Program Files\Java\jdk1.8.0_77\bin\java.exe
0x00007ffe8d7b0000 - 0x00007ffe8d981000 	C:\WINDOWS\SYSTEM32\ntdll.dll
0x00007ffe8aef0000 - 0x00007ffe8af9b000 	C:\WINDOWS\System32\KERNEL32.DLL
0x00007ffe8a230000 - 0x00007ffe8a44d000 	C:\WINDOWS\System32\KERNELBASE.dll
0x00007ffe8b1a0000 - 0x00007ffe8b242000 	C:\WINDOWS\System32\ADVAPI32.dll
0x00007ffe8b250000 - 0x00007ffe8b2ee000 	C:\WINDOWS\System32\msvcrt.dll
0x00007ffe8afe0000 - 0x00007ffe8b039000 	C:\WINDOWS\System32\sechost.dll
0x00007ffe8d470000 - 0x00007ffe8d591000 	C:\WINDOWS\System32\RPCRT4.dll
0x00007ffe8c8e0000 - 0x00007ffe8ca45000 	C:\WINDOWS\System32\USER32.dll
0x00007ffe8ad00000 - 0x00007ffe8ad1e000 	C:\WINDOWS\System32\win32u.dll
0x00007ffe8afa0000 - 0x00007ffe8afd4000 	C:\WINDOWS\System32\GDI32.dll
0x00007ffe89d70000 - 0x00007ffe89ef2000 	C:\WINDOWS\System32\gdi32full.dll
0x00007ffe82910000 - 0x00007ffe82b89000 	C:\WINDOWS\WinSxS\amd64_microsoft.windows.common-controls_6595b64144ccf1df_6.0.14393.0_none_2d0f50fcbdb171b8\COMCTL32.dll
0x00007ffe8cd20000 - 0x00007ffe8cfe7000 	C:\WINDOWS\System32\combase.dll
0x00007ffe89f00000 - 0x00007ffe89ff5000 	C:\WINDOWS\System32\ucrtbase.dll
0x00007ffe8a1c0000 - 0x00007ffe8a22a000 	C:\WINDOWS\System32\bcryptPrimitives.dll
0x00007ffe8d010000 - 0x00007ffe8d03e000 	C:\WINDOWS\System32\IMM32.DLL
0x00000000688b0000 - 0x0000000068982000 	C:\Program Files\Java\jdk1.8.0_77\jre\bin\msvcr100.dll
0x0000000067ed0000 - 0x0000000068760000 	C:\Program Files\Java\jdk1.8.0_77\jre\bin\server\jvm.dll
0x00007ffe8ae60000 - 0x00007ffe8ae68000 	C:\WINDOWS\System32\PSAPI.DLL
0x00007ffe84d80000 - 0x00007ffe84da3000 	C:\WINDOWS\SYSTEM32\WINMM.dll
0x00007ffe84db0000 - 0x00007ffe84dba000 	C:\WINDOWS\SYSTEM32\VERSION.dll
0x00007ffe84d40000 - 0x00007ffe84d6b000 	C:\WINDOWS\SYSTEM32\WINMMBASE.dll
0x00007ffe85460000 - 0x00007ffe85469000 	C:\WINDOWS\SYSTEM32\WSOCK32.dll
0x00007ffe89d20000 - 0x00007ffe89d62000 	C:\WINDOWS\System32\cfgmgr32.dll
0x00007ffe8ccb0000 - 0x00007ffe8cd1a000 	C:\WINDOWS\System32\WS2_32.dll
0x00000000688a0000 - 0x00000000688af000 	C:\Program Files\Java\jdk1.8.0_77\jre\bin\verify.dll
0x0000000068870000 - 0x0000000068899000 	C:\Program Files\Java\jdk1.8.0_77\jre\bin\java.dll
0x0000000068830000 - 0x0000000068865000 	C:\Program Files\Java\jdk1.8.0_77\jre\bin\jdwp.dll
0x0000000068820000 - 0x0000000068828000 	C:\Program Files\Java\jdk1.8.0_77\jre\bin\npt.dll
0x0000000068800000 - 0x0000000068816000 	C:\Program Files\Java\jdk1.8.0_77\jre\bin\zip.dll
0x00007ffe8b310000 - 0x00007ffe8c818000 	C:\WINDOWS\System32\SHELL32.dll
0x00007ffe8a450000 - 0x00007ffe8ab2a000 	C:\WINDOWS\System32\windows.storage.dll
0x00007ffe89ca0000 - 0x00007ffe89cec000 	C:\WINDOWS\System32\powrprof.dll
0x00007ffe8ae80000 - 0x00007ffe8aed2000 	C:\WINDOWS\System32\shlwapi.dll
0x00007ffe89c90000 - 0x00007ffe89c9f000 	C:\WINDOWS\System32\kernel.appcore.dll
0x00007ffe8a110000 - 0x00007ffe8a1b9000 	C:\WINDOWS\System32\shcore.dll
0x00007ffe89d00000 - 0x00007ffe89d14000 	C:\WINDOWS\System32\profapi.dll
0x00000000687e0000 - 0x00000000687e9000 	C:\Program Files\Java\jdk1.8.0_77\jre\bin\dt_socket.dll
0x00007ffe895c0000 - 0x00007ffe8961c000 	C:\WINDOWS\system32\mswsock.dll
0x00007ffe852c0000 - 0x00007ffe85452000 	C:\WINDOWS\SYSTEM32\dbghelp.dll

VM Arguments:
jvm_args: -agentlib:jdwp=transport=dt_socket,address=127.0.0.1:50138,suspend=y,server=n -ea -Didea.junit.sm_runner -Dfile.encoding=UTF-8 
java_command: com.intellij.rt.execution.junit.JUnitStarter -ideVersion5 stream.api.Exercise5Test,nameInCsv
java_class_path (initial): C:\Program Files (x86)\JetBrains\IntelliJ IDEA 2016.1.1\lib\idea_rt.jar;C:\Program Files (x86)\JetBrains\IntelliJ IDEA 2016.1.1\plugins\junit\lib\junit-rt.jar;C:\Program Files\Java\jdk1.8.0_77\jre\lib\charsets.jar;C:\Program Files\Java\jdk1.8.0_77\jre\lib\deploy.jar;C:\Program Files\Java\jdk1.8.0_77\jre\lib\ext\access-bridge-64.jar;C:\Program Files\Java\jdk1.8.0_77\jre\lib\ext\cldrdata.jar;C:\Program Files\Java\jdk1.8.0_77\jre\lib\ext\dnsns.jar;C:\Program Files\Java\jdk1.8.0_77\jre\lib\ext\jaccess.jar;C:\Program Files\Java\jdk1.8.0_77\jre\lib\ext\jfxrt.jar;C:\Program Files\Java\jdk1.8.0_77\jre\lib\ext\localedata.jar;C:\Program Files\Java\jdk1.8.0_77\jre\lib\ext\nashorn.jar;C:\Program Files\Java\jdk1.8.0_77\jre\lib\ext\sunec.jar;C:\Program Files\Java\jdk1.8.0_77\jre\lib\ext\sunjce_provider.jar;C:\Program Files\Java\jdk1.8.0_77\jre\lib\ext\sunmscapi.jar;C:\Program Files\Java\jdk1.8.0_77\jre\lib\ext\sunpkcs11.jar;C:\Program Files\Java\jdk1.8.0_77\jre\lib\ext\zipfs.jar;C:\Program Files\Java\jdk1.8.0_77\jre\lib\javaws.jar;C:\Program Files\Java\jdk1.8.0_77\jre\lib\jce.jar;C:\Program Files\Java\jdk1.8.0_77\jre\lib\jfr.jar;C:\Program Files\Java\jdk1.8.0_77\jre\lib\jfxswt.jar;C:\Program Files\Java\jdk1.8.0_77\jre\lib\jsse.jar;C:\Program Files\Java\jdk1.8.0_77\jre\lib\management-agent.jar;C:\Program Files\Java\jdk1.8.0_77\jre\lib\plugin.jar;C:\Program Files\Java\jdk1.8.0_77\jre\lib\resources.jar;C:\Program Files\Java\jdk1.8.0_77\jre\lib\rt.jar;C:\Users\ABE3510\Desktop\java8-code-kata\stream-api\target\test-classes;C:\Users\ABE3510\Desktop\java8-code-kata\common-test-tool\target\classes;C:\Users\ABE3510\.m2\repository\junit\junit\4.12\junit-4.12.jar;C:\Users\ABE3510\.m2\repository\org\hamcrest\hamcrest-core\1.3\hamcrest-core-1.3.jar;C:\Users\ABE3510\.m2\repository\org\hamcrest\hamcrest-all\1.3\hamcrest-all-1.3.jar
Launcher Type: SUN_STANDARD

Environment Variables:
JAVA_HOME=C:\Program Files\Java\jdk1.8.0_77\bin
PATH=C:\ProgramData\Oracle\Java\javapath;C:\Program Files (x86)\Intel\iCLS Client\;C:\Program Files\Intel\iCLS Client\;c:\Program Files (x86)\NVIDIA Corporation\PhysX\Common;C:\WINDOWS\system32;C:\WINDOWS;C:\WINDOWS\System32\Wbem;C:\WINDOWS\System32\WindowsPowerShell\v1.0\;C:\Program Files (x86)\Intel\Intel(R) Management Engine Components\DAL;C:\Program Files\Intel\Intel(R) Management Engine Components\DAL;C:\Program Files (x86)\Intel\Intel(R) Management Engine Components\IPT;C:\Program Files\Intel\Intel(R) Management Engine Components\IPT;C:\Program Files\nodejs\;C:\Program Files\Java\jdk1.8.0_77\bin;C:\Program Files\Git\cmd;C:\Users\ABE3510\Downloads\apache-maven-3.3.9-bin.zip\apache-maven-3.3.9\bin;C:\Program Files (x86)\Skype\Phone\;C:\Program Files\MongoDB\Server\3.2\bin;C:\Program Files\Intel\WiFi\bin\;C:\Program Files\Common Files\Intel\WirelessCommon\;C:\Program Files (x86)\Brackets\command;C:\Program Files (x86)\OpenVPN\bin;C:\Program Files\OpenVPN\bin;C:\Users\ABE3510\AppData\Local\Programs\Python\Python35-32\Scripts\;C:\Users\ABE3510\AppData\Local\Programs\Python\Python35-32\;C:\Users\ABE3510\AppData\Roaming\npm;C:\Users\ABE3510\AppData\Local\atom\bin;%USERPROFILE%\AppData\Local\Microsoft\WindowsApps;
USERNAME=ABE3510
OS=Windows_NT
PROCESSOR_IDENTIFIER=Intel64 Family 6 Model 61 Stepping 4, GenuineIntel



---------------  S Y S T E M  ---------------

OS: Windows 10.0 , 64 bit Build 14393 (10.0.14393.0)

CPU:total 4 (2 cores per cpu, 2 threads per core) family 6 model 61 stepping 4, cmov, cx8, fxsr, mmx, sse, sse2, sse3, ssse3, sse4.1, sse4.2, popcnt, avx, avx2, aes, clmul, erms, rtm, 3dnowpref, lzcnt, ht, tsc, tscinvbit, bmi1, bmi2, adx

Memory: 4k page, physical 8274388k(2961016k free), swap 16662996k(8456592k free)

vm_info: Java HotSpot(TM) 64-Bit Server VM (25.77-b03) for windows-amd64 JRE (1.8.0_77-b03), built on Mar 20 2016 22:01:33 by "java_re" with MS VC++ 10.0 (VS2010)

time: Wed Aug 17 19:58:58 2016
elapsed time: 448 seconds (0d 0h 7m 28s)

